x:\cg\cg_engine\cg_engine\x64\debug\vc120.pdb
x:\cg\cg_engine\cg_engine\x64\debug\vc120.idb
x:\cg\cg_engine\cg_engine\x64\debug\camera.obj
x:\cg\cg_engine\cg_engine\x64\debug\cg_data.obj
x:\cg\cg_engine\cg_engine\x64\debug\cg_engine.obj
x:\cg\cg_engine\cg_engine\x64\debug\entity.obj
x:\cg\cg_engine\cg_engine\x64\debug\file_io.obj
x:\cg\cg_engine\cg_engine\x64\debug\inputhandler.obj
x:\cg\cg_engine\cg_engine\x64\debug\shader.obj
x:\cg\cg_engine\cg_engine\x64\debug\glad.obj
d:\projects\c++\vs2015\cg_engine\cg_engine\x64\debug\cg_engine.pdb
d:\projects\c++\vs2015\cg_engine\cg_engine\x64\debug\cg_engine.idb
d:\projects\c++\vs2015\cg_engine\cg_engine\x64\debug\camera.obj
d:\projects\c++\vs2015\cg_engine\cg_engine\x64\debug\cg_data.obj
d:\projects\c++\vs2015\cg_engine\cg_engine\x64\debug\cg_engine.obj
d:\projects\c++\vs2015\cg_engine\cg_engine\x64\debug\entity.obj
d:\projects\c++\vs2015\cg_engine\cg_engine\x64\debug\file_io.obj
d:\projects\c++\vs2015\cg_engine\cg_engine\x64\debug\inputhandler.obj
d:\projects\c++\vs2015\cg_engine\cg_engine\x64\debug\shader.obj
d:\projects\c++\vs2015\cg_engine\cg_engine\x64\debug\glad.obj
x:\cg\cg_engine\libs\cg_engined_x64.lib
d:\projects\c++\vs2015\cg_engine\libs\cg_engined_x64.lib
d:\projects\c++\vs2015\cg_engine\cg_engine\x64\debug\vc120.idb
d:\projects\c++\vs2015\cg_engine\cg_engine\x64\debug\vc120.pdb
d:\projects\c++\vs2015\cg_engine\cg_engine\../libs/cg_engined_x64.lib
d:\projects\c++\vs2015\cg_engine\cg_engine\x64\debug\cg_engine.tlog\cl.command.1.tlog
d:\projects\c++\vs2015\cg_engine\cg_engine\x64\debug\cg_engine.tlog\cl.read.1.tlog
d:\projects\c++\vs2015\cg_engine\cg_engine\x64\debug\cg_engine.tlog\cl.write.1.tlog
d:\projects\c++\vs2015\cg_engine\cg_engine\x64\debug\cg_engine.tlog\lib-link.read.1.tlog
d:\projects\c++\vs2015\cg_engine\cg_engine\x64\debug\cg_engine.tlog\lib-link.write.1.tlog
d:\projects\c++\vs2015\cg_engine\cg_engine\x64\debug\cg_engine.tlog\lib.command.1.tlog
