Build started 19/11/2017 13:56:00.
     1>Project "X:\CG\CG_Engine\CG_Implementation\CG_Implementation.vcxproj" on node 2 (Build target(s)).
     1>ClCompile:
         C:\Program Files (x86)\Microsoft Visual Studio 12.0\VC\bin\x86_amd64\CL.exe /c /IX:\CG\CG_Engine\CG_Engine /IX:\CG\CG_Engine\include /Zi /nologo /W3 /WX- /Od /D WIN32 /D _DEBUG /D _CONSOLE /D _LIB /D _UNICODE /D UNICODE /Gm /EHsc /RTC1 /MDd /GS /fp:precise /Zc:wchar_t /Zc:forScope /Fo"x64\Debug_v13\\" /Fd"x64\Debug_v13\vc120.pdb" /Gd /TP /errorReport:prompt CG_Implementation.cpp main.cpp
         CG_Implementation.cpp
     1>CG_Implementation.cpp(33): warning C4305: '+=' : truncation from 'double' to 'float'
     1>CG_Implementation.cpp(36): warning C4305: '-=' : truncation from 'double' to 'float'
     1>CG_Implementation.cpp(39): warning C4305: '+=' : truncation from 'double' to 'float'
     1>CG_Implementation.cpp(42): warning C4305: '-=' : truncation from 'double' to 'float'
     1>CG_Implementation.cpp(68): warning C4244: 'initializing' : conversion from '__int64' to 'float', possible loss of data
     1>CG_Implementation.cpp(153): warning C4244: 'argument' : conversion from 'uint64_t' to 'GLsizei', possible loss of data
     1>CG_Implementation.cpp(156): warning C4267: 'argument' : conversion from 'size_t' to 'uint16_t', possible loss of data
     1>CG_Implementation.cpp(153): warning C4244: 'argument' : conversion from 'const uint64_t' to 'GLsizei', possible loss of data
         Generating Code...
         Compiling...
         main.cpp
         Generating Code...
       Link:
         C:\Program Files (x86)\Microsoft Visual Studio 12.0\VC\bin\x86_amd64\link.exe /ERRORREPORT:PROMPT /OUT:"X:\CG\CG_Engine\x64\Debug_v13\CG_Implementation.exe" /INCREMENTAL /NOLOGO /LIBPATH:X:\CG\CG_Engine\\libs13 opengl32.lib assimp_x64.lib glew32_x64.lib "GLFW-3.2.1d_x64.lib" CG_Engined_x64.lib kernel32.lib user32.lib gdi32.lib winspool.lib comdlg32.lib advapi32.lib shell32.lib ole32.lib oleaut32.lib uuid.lib odbc32.lib odbccp32.lib kernel32.lib user32.lib gdi32.lib winspool.lib comdlg32.lib advapi32.lib shell32.lib ole32.lib oleaut32.lib uuid.lib odbc32.lib odbccp32.lib /MANIFEST /MANIFESTUAC:"level='asInvoker' uiAccess='false'" /manifest:embed /DEBUG /PDB:"X:\CG\CG_Engine\x64\Debug_v13\CG_Implementation.pdb" /SUBSYSTEM:CONSOLE /TLBID:1 /DYNAMICBASE /NXCOMPAT /IMPLIB:"X:\CG\CG_Engine\x64\Debug_v13\CG_Implementation.lib" /MACHINE:X64 x64\Debug_v13\CG_Implementation.obj
         x64\Debug_v13\main.obj
         CG_Implementation.vcxproj -> X:\CG\CG_Engine\x64\Debug_v13\CG_Implementation.exe
     1>Done Building Project "X:\CG\CG_Engine\CG_Implementation\CG_Implementation.vcxproj" (Build target(s)).

Build succeeded.

Time Elapsed 00:00:08.45
