  CG_Data.cpp
u:\cg\cg_engine\cg_engine\CG_Data.h(169): error C2065: 'Hierarchy': undeclared identifier
u:\cg\cg_engine\cg_engine\CG_Data.h(169): error C2923: 'std::unique_ptr': 'Hierarchy' is not a valid template type argument for parameter '_Ty'
u:\cg\cg_engine\cg_engine\CG_Data.h(169): error C3203: 'default_delete': unspecialized class template can't be used as a template argument for template parameter '_Dx', expected a real type
CG_Data.cpp(294): error C2065: 'Hierarchy': undeclared identifier
CG_Data.cpp(294): error C2923: 'std::unique_ptr': 'Hierarchy' is not a valid template type argument for parameter '_Ty'
CG_Data.cpp(294): error C3203: 'default_delete': unspecialized class template can't be used as a template argument for template parameter '_Dx', expected a real type
CG_Data.cpp(294): error C2079: 'GL_Engine::CG_Data::ModelLoader::LoadHierarchyModel' uses undefined class 'std::unique_ptr'
  Cubemap.cpp
u:\cg\cg_engine\cg_engine\CG_Data.h(169): error C2065: 'Hierarchy': undeclared identifier
u:\cg\cg_engine\cg_engine\CG_Data.h(169): error C2923: 'std::unique_ptr': 'Hierarchy' is not a valid template type argument for parameter '_Ty'
u:\cg\cg_engine\cg_engine\CG_Data.h(169): error C3203: 'default_delete': unspecialized class template can't be used as a template argument for template parameter '_Dx', expected a real type
  Entity.cpp
u:\cg\cg_engine\cg_engine\CG_Data.h(169): error C2065: 'Hierarchy': undeclared identifier
u:\cg\cg_engine\cg_engine\CG_Data.h(169): error C2923: 'std::unique_ptr': 'Hierarchy' is not a valid template type argument for parameter '_Ty'
u:\cg\cg_engine\cg_engine\CG_Data.h(169): error C3203: 'default_delete': unspecialized class template can't be used as a template argument for template parameter '_Dx', expected a real type
  ParticleSystem.cpp
u:\cg\cg_engine\cg_engine\CG_Data.h(169): error C2065: 'Hierarchy': undeclared identifier
u:\cg\cg_engine\cg_engine\CG_Data.h(169): error C2923: 'std::unique_ptr': 'Hierarchy' is not a valid template type argument for parameter '_Ty'
u:\cg\cg_engine\cg_engine\CG_Data.h(169): error C3203: 'default_delete': unspecialized class template can't be used as a template argument for template parameter '_Dx', expected a real type
ParticleSystem.cpp(183): warning C4244: '+=': conversion from 'const double' to 'float', possible loss of data
ParticleSystem.cpp(186): warning C4244: '=': conversion from 'const double' to 'float', possible loss of data
  PostProcessing.cpp
u:\cg\cg_engine\cg_engine\CG_Data.h(169): error C2065: 'Hierarchy': undeclared identifier
u:\cg\cg_engine\cg_engine\CG_Data.h(169): error C2923: 'std::unique_ptr': 'Hierarchy' is not a valid template type argument for parameter '_Ty'
u:\cg\cg_engine\cg_engine\CG_Data.h(169): error C3203: 'default_delete': unspecialized class template can't be used as a template argument for template parameter '_Dx', expected a real type
  Renderer.cpp
u:\cg\cg_engine\cg_engine\CG_Data.h(169): error C2065: 'Hierarchy': undeclared identifier
u:\cg\cg_engine\cg_engine\CG_Data.h(169): error C2923: 'std::unique_ptr': 'Hierarchy' is not a valid template type argument for parameter '_Ty'
u:\cg\cg_engine\cg_engine\CG_Data.h(169): error C3203: 'default_delete': unspecialized class template can't be used as a template argument for template parameter '_Dx', expected a real type
  Shader.cpp
u:\cg\cg_engine\cg_engine\CG_Data.h(169): error C2065: 'Hierarchy': undeclared identifier
u:\cg\cg_engine\cg_engine\CG_Data.h(169): error C2923: 'std::unique_ptr': 'Hierarchy' is not a valid template type argument for parameter '_Ty'
u:\cg\cg_engine\cg_engine\CG_Data.h(169): error C3203: 'default_delete': unspecialized class template can't be used as a template argument for template parameter '_Dx', expected a real type
  Terrain.cpp
u:\cg\cg_engine\cg_engine\CG_Data.h(169): error C2065: 'Hierarchy': undeclared identifier
u:\cg\cg_engine\cg_engine\CG_Data.h(169): error C2923: 'std::unique_ptr': 'Hierarchy' is not a valid template type argument for parameter '_Ty'
u:\cg\cg_engine\cg_engine\CG_Data.h(169): error C3203: 'default_delete': unspecialized class template can't be used as a template argument for template parameter '_Dx', expected a real type
