  Time.cpp
  Terrain.cpp
u:\cg\cg_engine\cg_engine\terrain.h(72): warning C4018: '<': signed/unsigned mismatch
u:\cg\cg_engine\cg_engine\terrain.h(74): warning C4018: '<': signed/unsigned mismatch
  Shader.cpp
  Renderer.cpp
  PostProcessing.cpp
  ParticleSystem.cpp
  ModelLoader.cpp
  InputHandler.cpp
  File_IO.cpp
u:\cg\cg_engine\cg_engine\stb_image_write.h(233): warning C4996: 'fopen': This function or variable may be unsafe. Consider using fopen_s instead. To disable deprecation, use _CRT_SECURE_NO_WARNINGS. See online help for details.
  c:\program files (x86)\windows kits\10\include\10.0.15063.0\ucrt\stdio.h(207): note: see declaration of 'fopen'
u:\cg\cg_engine\cg_engine\stb_image_write.h(639): warning C4996: 'sprintf': This function or variable may be unsafe. Consider using sprintf_s instead. To disable deprecation, use _CRT_SECURE_NO_WARNINGS. See online help for details.
  c:\program files (x86)\windows kits\10\include\10.0.15063.0\ucrt\stdio.h(1772): note: see declaration of 'sprintf'
u:\cg\cg_engine\cg_engine\stb_image_write.h(1025): warning C4996: 'fopen': This function or variable may be unsafe. Consider using fopen_s instead. To disable deprecation, use _CRT_SECURE_NO_WARNINGS. See online help for details.
  c:\program files (x86)\windows kits\10\include\10.0.15063.0\ucrt\stdio.h(207): note: see declaration of 'fopen'
  Entity.cpp
  Cubemap.cpp
  CG_Engine.cpp
  CG_Data.cpp
  Camera.cpp
  Generating Code...
  glad.c
  CG_Engine.vcxproj -> U:\CG\CG_Engine\CG_Engine\../libs/CG_Engined_x64.lib
