Build started 03/10/2017 15:27:06.
     1>Project "X:\CG\CG_Engine\GLFW-3.2.1\GLFW-3.2.1.vcxproj" on node 2 (Build target(s)).
     1>ClCompile:
         C:\Program Files (x86)\Microsoft Visual Studio 12.0\VC\bin\x86_amd64\CL.exe /c /IX:\CG\CG_Engine\include /Zi /nologo /W3 /WX- /Od /D _GLFW_WIN32 /D _DEBUG /D _LIB /D _UNICODE /D UNICODE /Gm /EHsc /RTC1 /MDd /GS /fp:precise /Zc:wchar_t /Zc:forScope /Fo"x64\Debug\\" /Fd"x64\Debug\vc120.pdb" /Gd /TC /errorReport:prompt src\context.c src\egl_context.c src\init.c src\input.c src\monitor.c src\vulkan.c src\wgl_context.c src\win32_init.c src\win32_joystick.c src\win32_monitor.c src\win32_time.c src\win32_tls.c src\win32_window.c src\window.c src\xkb_unicode.c
         xkb_unicode.c
         window.c
         win32_window.c
         win32_tls.c
         win32_time.c
         win32_monitor.c
     1>src\win32_monitor.c(68): warning C4996: 'wcscpy': This function or variable may be unsafe. Consider using wcscpy_s instead. To disable deprecation, use _CRT_SECURE_NO_WARNINGS. See online help for details.
                 C:\Program Files (x86)\Microsoft Visual Studio 12.0\VC\include\string.h(294) : see declaration of 'wcscpy'
     1>src\win32_monitor.c(77): warning C4996: 'wcscpy': This function or variable may be unsafe. Consider using wcscpy_s instead. To disable deprecation, use _CRT_SECURE_NO_WARNINGS. See online help for details.
                 C:\Program Files (x86)\Microsoft Visual Studio 12.0\VC\include\string.h(294) : see declaration of 'wcscpy'
         win32_joystick.c
         win32_init.c
         wgl_context.c
         vulkan.c
         monitor.c
         input.c
         init.c
     1>src\init.c(100): warning C4996: 'vsnprintf': This function or variable may be unsafe. Consider using vsnprintf_s instead. To disable deprecation, use _CRT_SECURE_NO_WARNINGS. See online help for details.
                 C:\Program Files (x86)\Microsoft Visual Studio 12.0\VC\include\stdio.h(337) : see declaration of 'vsnprintf'
         egl_context.c
         context.c
     1>src\context.c(380): warning C4996: 'sscanf': This function or variable may be unsafe. Consider using sscanf_s instead. To disable deprecation, use _CRT_SECURE_NO_WARNINGS. See online help for details.
                 C:\Program Files (x86)\Microsoft Visual Studio 12.0\VC\include\stdio.h(304) : see declaration of 'sscanf'
         Generating Code...
       Lib:
         C:\Program Files (x86)\Microsoft Visual Studio 12.0\VC\bin\x86_amd64\Lib.exe /OUT:"X:\CG\CG_Engine\libs\GLFW-3.2.1d_x64.lib" /NOLOGO /MACHINE:X64 x64\Debug\context.obj
         x64\Debug\egl_context.obj
         x64\Debug\init.obj
         x64\Debug\input.obj
         x64\Debug\monitor.obj
         x64\Debug\vulkan.obj
         x64\Debug\wgl_context.obj
         x64\Debug\win32_init.obj
         x64\Debug\win32_joystick.obj
         x64\Debug\win32_monitor.obj
         x64\Debug\win32_time.obj
         x64\Debug\win32_tls.obj
         x64\Debug\win32_window.obj
         x64\Debug\window.obj
         x64\Debug\xkb_unicode.obj
         GLFW-3.2.1.vcxproj -> X:\CG\CG_Engine\libs\GLFW-3.2.1d_x64.lib
     1>Done Building Project "X:\CG\CG_Engine\GLFW-3.2.1\GLFW-3.2.1.vcxproj" (Build target(s)).

Build succeeded.

Time Elapsed 00:00:05.11
