x:\cg\cg_engine\glfw-3.2.1\release\vc120.pdb
x:\cg\cg_engine\glfw-3.2.1\release\xkb_unicode.obj
x:\cg\cg_engine\glfw-3.2.1\release\window.obj
x:\cg\cg_engine\glfw-3.2.1\release\win32_window.obj
x:\cg\cg_engine\glfw-3.2.1\release\win32_tls.obj
x:\cg\cg_engine\glfw-3.2.1\release\win32_time.obj
x:\cg\cg_engine\glfw-3.2.1\release\win32_monitor.obj
x:\cg\cg_engine\glfw-3.2.1\release\win32_joystick.obj
x:\cg\cg_engine\glfw-3.2.1\release\win32_init.obj
x:\cg\cg_engine\glfw-3.2.1\release\wgl_context.obj
x:\cg\cg_engine\glfw-3.2.1\release\vulkan.obj
x:\cg\cg_engine\glfw-3.2.1\release\monitor.obj
x:\cg\cg_engine\glfw-3.2.1\release\input.obj
x:\cg\cg_engine\glfw-3.2.1\release\init.obj
x:\cg\cg_engine\glfw-3.2.1\release\egl_context.obj
x:\cg\cg_engine\glfw-3.2.1\release\context.obj
x:\cg\cg_engine\libs\glfw-3.2.1_x86.lib
x:\cg\cg_engine\glfw-3.2.1\release\glfw-3.2.1.pdb
x:\cg\cg_engine\glfw-3.2.1\release\glfw-3.2.1.tlog\cl.command.1.tlog
x:\cg\cg_engine\glfw-3.2.1\release\glfw-3.2.1.tlog\cl.read.1.tlog
x:\cg\cg_engine\glfw-3.2.1\release\glfw-3.2.1.tlog\cl.write.1.tlog
x:\cg\cg_engine\glfw-3.2.1\release\glfw-3.2.1.tlog\lib-link.read.1.tlog
x:\cg\cg_engine\glfw-3.2.1\release\glfw-3.2.1.tlog\lib-link.write.1.tlog
x:\cg\cg_engine\glfw-3.2.1\release\glfw-3.2.1.tlog\lib.command.1.tlog
