x:\cg\cg_engine\cg_implementation\x64\debug\vc120.pdb
x:\cg\cg_engine\cg_implementation\x64\debug\vc120.idb
x:\cg\cg_engine\cg_implementation\x64\debug\main.obj
x:\cg\cg_engine\cg_implementation\x64\debug\cg_implementation.obj
x:\cg\cg_engine\x64\debug\cg_implementation.ilk
x:\cg\cg_engine\x64\debug\cg_implementation.exe
x:\cg\cg_engine\x64\debug\cg_implementation.pdb
d:\projects\c++\vs2015\cg_engine\cg_implementation\x64\debug\cg_implementation.obj
d:\projects\c++\vs2015\cg_engine\cg_implementation\x64\debug\main.obj
d:\projects\c++\vs2015\cg_engine\cg_implementation\x64\debug\vc120.idb
d:\projects\c++\vs2015\cg_engine\cg_implementation\x64\debug\vc141.idb
d:\projects\c++\vs2015\cg_engine\cg_implementation\x64\debug\vc120.pdb
d:\projects\c++\vs2015\cg_engine\cg_implementation\x64\debug\vc141.pdb
d:\projects\c++\vs2015\cg_engine\x64\debug\cg_implementation.pdb
d:\projects\c++\vs2015\cg_engine\x64\debug\cg_implementation.exe
d:\projects\c++\vs2015\cg_engine\x64\debug\cg_implementation.ilk
d:\projects\c++\vs2015\cg_engine\cg_implementation\x64\debug\cg_imple.a9989b7a.tlog\cl.command.1.tlog
d:\projects\c++\vs2015\cg_engine\cg_implementation\x64\debug\cg_imple.a9989b7a.tlog\cl.read.1.tlog
d:\projects\c++\vs2015\cg_engine\cg_implementation\x64\debug\cg_imple.a9989b7a.tlog\cl.write.1.tlog
d:\projects\c++\vs2015\cg_engine\cg_implementation\x64\debug\cg_imple.a9989b7a.tlog\link.command.1.tlog
d:\projects\c++\vs2015\cg_engine\cg_implementation\x64\debug\cg_imple.a9989b7a.tlog\link.delete.1.tlog
d:\projects\c++\vs2015\cg_engine\cg_implementation\x64\debug\cg_imple.a9989b7a.tlog\link.read.1.tlog
d:\projects\c++\vs2015\cg_engine\cg_implementation\x64\debug\cg_imple.a9989b7a.tlog\link.write.1.tlog
