x:\cg\cg_engine\cg_engine\x64\release\cg_engine.pdb
x:\cg\cg_engine\cg_engine\x64\release\utilities.obj
x:\cg\cg_engine\cg_engine\x64\release\time.obj
x:\cg\cg_engine\cg_engine\x64\release\terrain.obj
x:\cg\cg_engine\cg_engine\x64\release\shader.obj
x:\cg\cg_engine\cg_engine\x64\release\renderer.obj
x:\cg\cg_engine\cg_engine\x64\release\postprocessing.obj
x:\cg\cg_engine\cg_engine\x64\release\particlesystem.obj
x:\cg\cg_engine\cg_engine\x64\release\modelloader.obj
x:\cg\cg_engine\cg_engine\x64\release\inputhandler.obj
x:\cg\cg_engine\cg_engine\x64\release\file_io.obj
x:\cg\cg_engine\cg_engine\x64\release\entity.obj
x:\cg\cg_engine\cg_engine\x64\release\cubemap.obj
x:\cg\cg_engine\cg_engine\x64\release\cg_engine.obj
x:\cg\cg_engine\cg_engine\x64\release\cg_data.obj
x:\cg\cg_engine\cg_engine\x64\release\camera.obj
x:\cg\cg_engine\cg_engine\x64\release\glad.obj
x:\cg\cg_engine\libs\cg_engine_x64.lib
x:\cg\cg_engine\cg_engine\../libs/cg_engine_x64.lib
x:\cg\cg_engine\cg_engine\x64\release\cg_engine.tlog\cl.command.1.tlog
x:\cg\cg_engine\cg_engine\x64\release\cg_engine.tlog\cl.read.1.tlog
x:\cg\cg_engine\cg_engine\x64\release\cg_engine.tlog\cl.write.1.tlog
x:\cg\cg_engine\cg_engine\x64\release\cg_engine.tlog\lib-link.read.1.tlog
x:\cg\cg_engine\cg_engine\x64\release\cg_engine.tlog\lib-link.write.1.tlog
x:\cg\cg_engine\cg_engine\x64\release\cg_engine.tlog\lib.command.1.tlog
